<?xml version="1.0" encoding="UTF-8"?>
<coverage generated="1689695576520" clover="3.2.0">
  <project timestamp="1689695576520" name="All files">
    <metrics statements="49" coveredstatements="49" conditionals="15" coveredconditionals="15" methods="15" coveredmethods="15" elements="79" coveredelements="79" complexity="0" loc="49" ncloc="49" packages="1" files="3" classes="3"/>
    <file name="app.js" path="/Users/makers/bank-tech-test/app.js">
      <metrics statements="6" coveredstatements="6" conditionals="0" coveredconditionals="0" methods="2" coveredmethods="2"/>
      <line num="1" count="1" type="stmt"/>
      <line num="2" count="1" type="stmt"/>
      <line num="6" count="1" type="stmt"/>
      <line num="10" count="1" type="stmt"/>
      <line num="11" count="1" type="stmt"/>
      <line num="15" count="1" type="stmt"/>
    </file>
    <file name="printStatement.js" path="/Users/makers/bank-tech-test/printStatement.js">
      <metrics statements="14" coveredstatements="14" conditionals="4" coveredconditionals="4" methods="4" coveredmethods="4"/>
      <line num="1" count="2" type="stmt"/>
      <line num="2" count="2" type="stmt"/>
      <line num="3" count="2" type="stmt"/>
      <line num="4" count="2" type="stmt"/>
      <line num="5" count="2" type="stmt"/>
      <line num="6" count="2" type="stmt"/>
      <line num="7" count="2" type="stmt"/>
      <line num="10" count="2" type="stmt"/>
      <line num="11" count="2" type="stmt"/>
      <line num="14" count="6" type="cond" truecount="2" falsecount="0"/>
      <line num="21" count="2" type="stmt"/>
      <line num="22" count="2" type="stmt"/>
      <line num="24" count="2" type="stmt"/>
      <line num="27" count="2" type="stmt"/>
    </file>
    <file name="transactions.js" path="/Users/makers/bank-tech-test/transactions.js">
      <metrics statements="29" coveredstatements="29" conditionals="11" coveredconditionals="11" methods="9" coveredmethods="9"/>
      <line num="3" count="8" type="stmt"/>
      <line num="6" count="8" type="cond" truecount="1" falsecount="0"/>
      <line num="7" count="11" type="stmt"/>
      <line num="8" count="8" type="stmt"/>
      <line num="9" count="8" type="stmt"/>
      <line num="10" count="11" type="stmt"/>
      <line num="13" count="8" type="stmt"/>
      <line num="14" count="12" type="stmt"/>
      <line num="16" count="10" type="stmt"/>
      <line num="17" count="10" type="stmt"/>
      <line num="19" count="10" type="cond" truecount="2" falsecount="0"/>
      <line num="21" count="10" type="stmt"/>
      <line num="24" count="8" type="stmt"/>
      <line num="25" count="12" type="stmt"/>
      <line num="28" count="8" type="stmt"/>
      <line num="29" count="10" type="stmt"/>
      <line num="30" count="10" type="stmt"/>
      <line num="31" count="10" type="stmt"/>
      <line num="32" count="10" type="stmt"/>
      <line num="35" count="8" type="stmt"/>
      <line num="36" count="10" type="stmt"/>
      <line num="43" count="10" type="stmt"/>
      <line num="44" count="10" type="stmt"/>
      <line num="47" count="8" type="stmt"/>
      <line num="48" count="12" type="cond" truecount="2" falsecount="0"/>
      <line num="50" count="1" type="stmt"/>
      <line num="51" count="11" type="cond" truecount="2" falsecount="0"/>
      <line num="53" count="1" type="stmt"/>
      <line num="58" count="2" type="stmt"/>
    </file>
  </project>
</coverage>
