{"/Users/makers/bank-tech-test/printStatement.js": {"path":"/Users/makers/bank-tech-test/printStatement.js","statementMap":{"0":{"start":{"line":1,"column":23},"end":{"line":17,"column":1}},"1":{"start":{"line":2,"column":17},"end":{"line":2,"column":59}},"2":{"start":{"line":3,"column":15},"end":{"line":10,"column":14}},"3":{"start":{"line":6,"column":6},"end":{"line":8,"column":35}},"4":{"start":{"line":11,"column":28},"end":{"line":11,"column":57}},"5":{"start":{"line":12,"column":18},"end":{"line":12,"column":63}},"6":{"start":{"line":13,"column":17},"end":{"line":13,"column":38}},"7":{"start":{"line":14,"column":2},"end":{"line":14,"column":52}},"8":{"start":{"line":16,"column":2},"end":{"line":16,"column":46}},"9":{"start":{"line":19,"column":0},"end":{"line":19,"column":32}}},"fnMap":{"0":{"name":"(anonymous_0)","decl":{"start":{"line":1,"column":23},"end":{"line":1,"column":24}},"loc":{"start":{"line":1,"column":47},"end":{"line":17,"column":1}},"line":1},"1":{"name":"(anonymous_1)","decl":{"start":{"line":4,"column":9},"end":{"line":4,"column":10}},"loc":{"start":{"line":4,"column":26},"end":{"line":9,"column":5}},"line":4}},"branchMap":{"0":{"loc":{"start":{"line":6,"column":40},"end":{"line":6,"column":70}},"type":"binary-expr","locations":[{"start":{"line":6,"column":40},"end":{"line":6,"column":58}},{"start":{"line":6,"column":62},"end":{"line":6,"column":70}}],"line":6},"1":{"loc":{"start":{"line":7,"column":8},"end":{"line":7,"column":37}},"type":"binary-expr","locations":[{"start":{"line":7,"column":8},"end":{"line":7,"column":25}},{"start":{"line":7,"column":29},"end":{"line":7,"column":37}}],"line":7}},"s":{"0":1,"1":1,"2":1,"3":3,"4":1,"5":1,"6":1,"7":1,"8":1,"9":1},"f":{"0":1,"1":3},"b":{"0":[3,1],"1":[3,2]},"_coverageSchema":"1a1c01bbd47fc00a2c39e90264f33305004495a9","hash":"0260141320f48bb485c311d7dad86e46453e316d"}
,"/Users/makers/bank-tech-test/transactions.js": {"path":"/Users/makers/bank-tech-test/transactions.js","statementMap":{"0":{"start":{"line":3,"column":4},"end":{"line":3,"column":33}},"1":{"start":{"line":6,"column":21},"end":{"line":11,"column":3}},"2":{"start":{"line":7,"column":18},"end":{"line":9,"column":33}},"3":{"start":{"line":8,"column":28},"end":{"line":8,"column":68}},"4":{"start":{"line":9,"column":24},"end":{"line":9,"column":29}},"5":{"start":{"line":10,"column":4},"end":{"line":10,"column":17}},"6":{"start":{"line":13,"column":19},"end":{"line":44,"column":3}},"7":{"start":{"line":14,"column":4},"end":{"line":43,"column":5}},"8":{"start":{"line":15,"column":6},"end":{"line":15,"column":68}},"9":{"start":{"line":16,"column":11},"end":{"line":43,"column":5}},"10":{"start":{"line":17,"column":6},"end":{"line":17,"column":50}},"11":{"start":{"line":19,"column":20},"end":{"line":19,"column":40}},"12":{"start":{"line":20,"column":18},"end":{"line":20,"column":26}},"13":{"start":{"line":21,"column":20},"end":{"line":21,"column":28}},"14":{"start":{"line":22,"column":19},"end":{"line":22,"column":27}},"15":{"start":{"line":23,"column":17},"end":{"line":23,"column":47}},"16":{"start":{"line":24,"column":6},"end":{"line":24,"column":46}},"17":{"start":{"line":25,"column":20},"end":{"line":25,"column":43}},"18":{"start":{"line":27,"column":6},"end":{"line":31,"column":7}},"19":{"start":{"line":28,"column":8},"end":{"line":28,"column":26}},"20":{"start":{"line":29,"column":13},"end":{"line":31,"column":7}},"21":{"start":{"line":30,"column":8},"end":{"line":30,"column":36}},"22":{"start":{"line":33,"column":26},"end":{"line":39,"column":7}},"23":{"start":{"line":41,"column":6},"end":{"line":41,"column":48}},"24":{"start":{"line":42,"column":6},"end":{"line":42,"column":37}},"25":{"start":{"line":46,"column":26},"end":{"line":48,"column":3}},"26":{"start":{"line":47,"column":4},"end":{"line":47,"column":35}},"27":{"start":{"line":51,"column":0},"end":{"line":51,"column":30}}},"fnMap":{"0":{"name":"(anonymous_0)","decl":{"start":{"line":2,"column":2},"end":{"line":2,"column":3}},"loc":{"start":{"line":2,"column":16},"end":{"line":4,"column":3}},"line":2},"1":{"name":"(anonymous_1)","decl":{"start":{"line":6,"column":21},"end":{"line":6,"column":22}},"loc":{"start":{"line":6,"column":71},"end":{"line":11,"column":3}},"line":6},"2":{"name":"(anonymous_2)","decl":{"start":{"line":8,"column":11},"end":{"line":8,"column":12}},"loc":{"start":{"line":8,"column":28},"end":{"line":8,"column":68}},"line":8},"3":{"name":"(anonymous_3)","decl":{"start":{"line":9,"column":14},"end":{"line":9,"column":15}},"loc":{"start":{"line":9,"column":24},"end":{"line":9,"column":29}},"line":9},"4":{"name":"(anonymous_4)","decl":{"start":{"line":13,"column":19},"end":{"line":13,"column":20}},"loc":{"start":{"line":13,"column":42},"end":{"line":44,"column":3}},"line":13},"5":{"name":"(anonymous_5)","decl":{"start":{"line":46,"column":26},"end":{"line":46,"column":27}},"loc":{"start":{"line":46,"column":32},"end":{"line":48,"column":3}},"line":46}},"branchMap":{"0":{"loc":{"start":{"line":6,"column":22},"end":{"line":6,"column":66}},"type":"default-arg","locations":[{"start":{"line":6,"column":43},"end":{"line":6,"column":66}}],"line":6},"1":{"loc":{"start":{"line":14,"column":4},"end":{"line":43,"column":5}},"type":"if","locations":[{"start":{"line":14,"column":4},"end":{"line":43,"column":5}},{"start":{"line":16,"column":11},"end":{"line":43,"column":5}}],"line":14},"2":{"loc":{"start":{"line":16,"column":11},"end":{"line":43,"column":5}},"type":"if","locations":[{"start":{"line":16,"column":11},"end":{"line":43,"column":5}},{"start":{"line":18,"column":11},"end":{"line":43,"column":5}}],"line":16},"3":{"loc":{"start":{"line":27,"column":6},"end":{"line":31,"column":7}},"type":"if","locations":[{"start":{"line":27,"column":6},"end":{"line":31,"column":7}},{"start":{"line":29,"column":13},"end":{"line":31,"column":7}}],"line":27},"4":{"loc":{"start":{"line":29,"column":13},"end":{"line":31,"column":7}},"type":"if","locations":[{"start":{"line":29,"column":13},"end":{"line":31,"column":7}},{"start":{},"end":{}}],"line":29},"5":{"loc":{"start":{"line":36,"column":16},"end":{"line":36,"column":42}},"type":"cond-expr","locations":[{"start":{"line":36,"column":29},"end":{"line":36,"column":35}},{"start":{"line":36,"column":38},"end":{"line":36,"column":42}}],"line":36},"6":{"loc":{"start":{"line":37,"column":15},"end":{"line":37,"column":41}},"type":"cond-expr","locations":[{"start":{"line":37,"column":28},"end":{"line":37,"column":34}},{"start":{"line":37,"column":37},"end":{"line":37,"column":41}}],"line":37}},"s":{"0":7,"1":7,"2":8,"3":5,"4":5,"5":8,"6":7,"7":9,"8":1,"9":8,"10":1,"11":7,"12":7,"13":7,"14":7,"15":7,"16":7,"17":7,"18":7,"19":6,"20":1,"21":1,"22":7,"23":7,"24":7,"25":7,"26":1,"27":1},"f":{"0":7,"1":8,"2":5,"3":5,"4":9,"5":1},"b":{"0":[7],"1":[1,8],"2":[1,7],"3":[6,1],"4":[1,0],"5":[6,1],"6":[1,6]},"_coverageSchema":"1a1c01bbd47fc00a2c39e90264f33305004495a9","hash":"d06a2cf7c50318eff248bc9c6e466d8b1edc7386"}
}
