{"/Users/makers/bank-tech-test/app.js": {"path":"/Users/makers/bank-tech-test/app.js","statementMap":{"0":{"start":{"line":1,"column":21},"end":{"line":1,"column":46}},"1":{"start":{"line":2,"column":23},"end":{"line":2,"column":50}},"2":{"start":{"line":6,"column":4},"end":{"line":6,"column":43}},"3":{"start":{"line":10,"column":31},"end":{"line":10,"column":72}},"4":{"start":{"line":11,"column":4},"end":{"line":11,"column":46}},"5":{"start":{"line":15,"column":0},"end":{"line":15,"column":21}}},"fnMap":{"0":{"name":"(anonymous_0)","decl":{"start":{"line":5,"column":2},"end":{"line":5,"column":3}},"loc":{"start":{"line":5,"column":16},"end":{"line":7,"column":3}},"line":5},"1":{"name":"(anonymous_1)","decl":{"start":{"line":9,"column":2},"end":{"line":9,"column":3}},"loc":{"start":{"line":9,"column":19},"end":{"line":12,"column":3}},"line":9}},"branchMap":{},"s":{"0":1,"1":1,"2":1,"3":1,"4":1,"5":1},"f":{"0":1,"1":1},"b":{},"_coverageSchema":"1a1c01bbd47fc00a2c39e90264f33305004495a9","hash":"82da7390893641b97cded5726af76007b21c97c8"}
,"/Users/makers/bank-tech-test/printStatement.js": {"path":"/Users/makers/bank-tech-test/printStatement.js","statementMap":{"0":{"start":{"line":1,"column":23},"end":{"line":8,"column":1}},"1":{"start":{"line":2,"column":17},"end":{"line":2,"column":59}},"2":{"start":{"line":3,"column":15},"end":{"line":3,"column":47}},"3":{"start":{"line":4,"column":28},"end":{"line":4,"column":57}},"4":{"start":{"line":5,"column":18},"end":{"line":5,"column":63}},"5":{"start":{"line":6,"column":17},"end":{"line":6,"column":38}},"6":{"start":{"line":7,"column":2},"end":{"line":7,"column":38}},"7":{"start":{"line":10,"column":21},"end":{"line":19,"column":1}},"8":{"start":{"line":11,"column":2},"end":{"line":18,"column":15}},"9":{"start":{"line":14,"column":6},"end":{"line":16,"column":35}},"10":{"start":{"line":21,"column":15},"end":{"line":25,"column":1}},"11":{"start":{"line":22,"column":2},"end":{"line":22,"column":52}},"12":{"start":{"line":24,"column":2},"end":{"line":24,"column":46}},"13":{"start":{"line":27,"column":0},"end":{"line":27,"column":32}}},"fnMap":{"0":{"name":"(anonymous_0)","decl":{"start":{"line":1,"column":23},"end":{"line":1,"column":24}},"loc":{"start":{"line":1,"column":47},"end":{"line":8,"column":1}},"line":1},"1":{"name":"(anonymous_1)","decl":{"start":{"line":10,"column":21},"end":{"line":10,"column":22}},"loc":{"start":{"line":10,"column":45},"end":{"line":19,"column":1}},"line":10},"2":{"name":"(anonymous_2)","decl":{"start":{"line":12,"column":9},"end":{"line":12,"column":10}},"loc":{"start":{"line":12,"column":26},"end":{"line":17,"column":5}},"line":12},"3":{"name":"(anonymous_3)","decl":{"start":{"line":21,"column":15},"end":{"line":21,"column":16}},"loc":{"start":{"line":21,"column":41},"end":{"line":25,"column":1}},"line":21}},"branchMap":{"0":{"loc":{"start":{"line":14,"column":40},"end":{"line":14,"column":70}},"type":"binary-expr","locations":[{"start":{"line":14,"column":40},"end":{"line":14,"column":58}},{"start":{"line":14,"column":62},"end":{"line":14,"column":70}}],"line":14},"1":{"loc":{"start":{"line":15,"column":8},"end":{"line":15,"column":37}},"type":"binary-expr","locations":[{"start":{"line":15,"column":8},"end":{"line":15,"column":25}},{"start":{"line":15,"column":29},"end":{"line":15,"column":37}}],"line":15}},"s":{"0":2,"1":2,"2":2,"3":2,"4":2,"5":2,"6":2,"7":2,"8":2,"9":6,"10":2,"11":2,"12":2,"13":2},"f":{"0":2,"1":2,"2":6,"3":2},"b":{"0":[6,2],"1":[6,4]},"_coverageSchema":"1a1c01bbd47fc00a2c39e90264f33305004495a9","hash":"343bbed7840eaffc7d4a85bbf94d77b32e22f796"}
,"/Users/makers/bank-tech-test/transactions.js": {"path":"/Users/makers/bank-tech-test/transactions.js","statementMap":{"0":{"start":{"line":3,"column":4},"end":{"line":3,"column":33}},"1":{"start":{"line":6,"column":21},"end":{"line":11,"column":3}},"2":{"start":{"line":7,"column":18},"end":{"line":9,"column":33}},"3":{"start":{"line":8,"column":28},"end":{"line":8,"column":68}},"4":{"start":{"line":9,"column":24},"end":{"line":9,"column":29}},"5":{"start":{"line":10,"column":4},"end":{"line":10,"column":17}},"6":{"start":{"line":13,"column":19},"end":{"line":22,"column":3}},"7":{"start":{"line":14,"column":4},"end":{"line":14,"column":42}},"8":{"start":{"line":16,"column":17},"end":{"line":16,"column":42}},"9":{"start":{"line":17,"column":18},"end":{"line":17,"column":41}},"10":{"start":{"line":19,"column":4},"end":{"line":19,"column":55}},"11":{"start":{"line":21,"column":4},"end":{"line":21,"column":63}},"12":{"start":{"line":24,"column":26},"end":{"line":26,"column":3}},"13":{"start":{"line":25,"column":4},"end":{"line":25,"column":35}},"14":{"start":{"line":28,"column":14},"end":{"line":33,"column":3}},"15":{"start":{"line":29,"column":31},"end":{"line":29,"column":51}},"16":{"start":{"line":30,"column":15},"end":{"line":30,"column":45}},"17":{"start":{"line":31,"column":4},"end":{"line":31,"column":44}},"18":{"start":{"line":32,"column":4},"end":{"line":32,"column":16}},"19":{"start":{"line":35,"column":28},"end":{"line":45,"column":3}},"20":{"start":{"line":36,"column":24},"end":{"line":41,"column":5}},"21":{"start":{"line":43,"column":4},"end":{"line":43,"column":46}},"22":{"start":{"line":44,"column":4},"end":{"line":44,"column":40}},"23":{"start":{"line":47,"column":18},"end":{"line":55,"column":3}},"24":{"start":{"line":48,"column":4},"end":{"line":54,"column":5}},"25":{"start":{"line":50,"column":6},"end":{"line":50,"column":68}},"26":{"start":{"line":51,"column":11},"end":{"line":54,"column":5}},"27":{"start":{"line":53,"column":6},"end":{"line":53,"column":50}},"28":{"start":{"line":58,"column":0},"end":{"line":58,"column":30}}},"fnMap":{"0":{"name":"(anonymous_0)","decl":{"start":{"line":2,"column":2},"end":{"line":2,"column":3}},"loc":{"start":{"line":2,"column":16},"end":{"line":4,"column":3}},"line":2},"1":{"name":"(anonymous_1)","decl":{"start":{"line":6,"column":21},"end":{"line":6,"column":22}},"loc":{"start":{"line":6,"column":71},"end":{"line":11,"column":3}},"line":6},"2":{"name":"(anonymous_2)","decl":{"start":{"line":8,"column":11},"end":{"line":8,"column":12}},"loc":{"start":{"line":8,"column":28},"end":{"line":8,"column":68}},"line":8},"3":{"name":"(anonymous_3)","decl":{"start":{"line":9,"column":14},"end":{"line":9,"column":15}},"loc":{"start":{"line":9,"column":24},"end":{"line":9,"column":29}},"line":9},"4":{"name":"(anonymous_4)","decl":{"start":{"line":13,"column":19},"end":{"line":13,"column":20}},"loc":{"start":{"line":13,"column":42},"end":{"line":22,"column":3}},"line":13},"5":{"name":"(anonymous_5)","decl":{"start":{"line":24,"column":26},"end":{"line":24,"column":27}},"loc":{"start":{"line":24,"column":32},"end":{"line":26,"column":3}},"line":24},"6":{"name":"(anonymous_6)","decl":{"start":{"line":28,"column":14},"end":{"line":28,"column":15}},"loc":{"start":{"line":28,"column":29},"end":{"line":33,"column":3}},"line":28},"7":{"name":"(anonymous_7)","decl":{"start":{"line":35,"column":28},"end":{"line":35,"column":29}},"loc":{"start":{"line":35,"column":55},"end":{"line":45,"column":3}},"line":35},"8":{"name":"(anonymous_8)","decl":{"start":{"line":47,"column":18},"end":{"line":47,"column":19}},"loc":{"start":{"line":47,"column":41},"end":{"line":55,"column":3}},"line":47}},"branchMap":{"0":{"loc":{"start":{"line":6,"column":22},"end":{"line":6,"column":66}},"type":"default-arg","locations":[{"start":{"line":6,"column":43},"end":{"line":6,"column":66}}],"line":6},"1":{"loc":{"start":{"line":19,"column":15},"end":{"line":19,"column":54}},"type":"cond-expr","locations":[{"start":{"line":19,"column":28},"end":{"line":19,"column":34}},{"start":{"line":19,"column":37},"end":{"line":19,"column":54}}],"line":19},"2":{"loc":{"start":{"line":38,"column":14},"end":{"line":38,"column":40}},"type":"cond-expr","locations":[{"start":{"line":38,"column":27},"end":{"line":38,"column":33}},{"start":{"line":38,"column":36},"end":{"line":38,"column":40}}],"line":38},"3":{"loc":{"start":{"line":39,"column":13},"end":{"line":39,"column":39}},"type":"cond-expr","locations":[{"start":{"line":39,"column":26},"end":{"line":39,"column":32}},{"start":{"line":39,"column":35},"end":{"line":39,"column":39}}],"line":39},"4":{"loc":{"start":{"line":48,"column":4},"end":{"line":54,"column":5}},"type":"if","locations":[{"start":{"line":48,"column":4},"end":{"line":54,"column":5}},{"start":{"line":51,"column":11},"end":{"line":54,"column":5}}],"line":48},"5":{"loc":{"start":{"line":51,"column":11},"end":{"line":54,"column":5}},"type":"if","locations":[{"start":{"line":51,"column":11},"end":{"line":54,"column":5}},{"start":{},"end":{}}],"line":51}},"s":{"0":8,"1":8,"2":11,"3":8,"4":8,"5":11,"6":8,"7":12,"8":10,"9":10,"10":10,"11":10,"12":8,"13":12,"14":8,"15":10,"16":10,"17":10,"18":10,"19":8,"20":10,"21":10,"22":10,"23":8,"24":12,"25":1,"26":11,"27":1,"28":2},"f":{"0":8,"1":11,"2":8,"3":8,"4":12,"5":12,"6":10,"7":10,"8":12},"b":{"0":[10],"1":[8,2],"2":[8,2],"3":[2,8],"4":[1,11],"5":[1,10]},"_coverageSchema":"1a1c01bbd47fc00a2c39e90264f33305004495a9","hash":"d3359dc000a3375ff5a98f2d194c15f551ce5e6d"}
}
