TN:
SF:printStatement.js
FN:1,(anonymous_0)
FN:4,(anonymous_1)
FNF:2
FNH:2
FNDA:1,(anonymous_0)
FNDA:3,(anonymous_1)
DA:1,1
DA:2,1
DA:3,1
DA:6,3
DA:11,1
DA:12,1
DA:13,1
DA:14,1
DA:16,1
DA:19,1
LF:10
LH:10
BRDA:6,0,0,3
BRDA:6,0,1,1
BRDA:7,1,0,3
BRDA:7,1,1,2
BRF:4
BRH:4
end_of_record
TN:
SF:transactions.js
FN:2,(anonymous_0)
FN:6,(anonymous_1)
FN:8,(anonymous_2)
FN:9,(anonymous_3)
FN:13,(anonymous_4)
FN:40,(anonymous_5)
FNF:6
FNH:6
FNDA:5,(anonymous_0)
FNDA:8,(anonymous_1)
FNDA:5,(anonymous_2)
FNDA:5,(anonymous_3)
FNDA:7,(anonymous_4)
FNDA:1,(anonymous_5)
DA:3,5
DA:6,5
DA:7,8
DA:8,5
DA:9,5
DA:10,8
DA:13,5
DA:14,7
DA:15,7
DA:16,7
DA:17,7
DA:18,7
DA:19,7
DA:20,7
DA:22,7
DA:23,6
DA:24,1
DA:25,1
DA:28,7
DA:36,7
DA:37,7
DA:40,5
DA:41,1
DA:45,1
LF:24
LH:24
BRDA:6,0,0,7
BRDA:22,1,0,6
BRDA:22,1,1,1
BRDA:24,2,0,1
BRDA:24,2,1,0
BRDA:31,3,0,6
BRDA:31,3,1,1
BRDA:32,4,0,1
BRDA:32,4,1,6
BRF:9
BRH:8
end_of_record
