TN:
SF:printStatement.js
FN:1,(anonymous_0)
FN:4,(anonymous_1)
FNF:2
FNH:2
FNDA:1,(anonymous_0)
FNDA:3,(anonymous_1)
DA:1,1
DA:2,1
DA:3,1
DA:6,3
DA:11,1
DA:12,1
DA:13,1
DA:14,1
DA:16,1
DA:19,1
LF:10
LH:10
BRDA:6,0,0,3
BRDA:6,0,1,1
BRDA:7,1,0,3
BRDA:7,1,1,2
BRF:4
BRH:4
end_of_record
TN:
SF:transactions.js
FN:2,(anonymous_0)
FN:6,(anonymous_1)
FN:8,(anonymous_2)
FN:9,(anonymous_3)
FN:13,(anonymous_4)
FN:46,(anonymous_5)
FNF:6
FNH:6
FNDA:7,(anonymous_0)
FNDA:8,(anonymous_1)
FNDA:5,(anonymous_2)
FNDA:5,(anonymous_3)
FNDA:9,(anonymous_4)
FNDA:1,(anonymous_5)
DA:3,7
DA:6,7
DA:7,8
DA:8,5
DA:9,5
DA:10,8
DA:13,7
DA:14,9
DA:15,1
DA:16,8
DA:17,1
DA:19,7
DA:20,7
DA:21,7
DA:22,7
DA:23,7
DA:24,7
DA:25,7
DA:27,7
DA:28,6
DA:29,1
DA:30,1
DA:33,7
DA:41,7
DA:42,7
DA:46,7
DA:47,1
DA:51,1
LF:28
LH:28
BRDA:6,0,0,7
BRDA:14,1,0,1
BRDA:14,1,1,8
BRDA:16,2,0,1
BRDA:16,2,1,7
BRDA:27,3,0,6
BRDA:27,3,1,1
BRDA:29,4,0,1
BRDA:29,4,1,0
BRDA:36,5,0,6
BRDA:36,5,1,1
BRDA:37,6,0,1
BRDA:37,6,1,6
BRF:13
BRH:12
end_of_record
